<?xml version="1.0" encoding="UTF-8"?>
<!-- Generated by org.testng.reporters.JUnitReportReporter -->
<testsuite skipped="0" hostname="LAPTOP-RI237U6O" name="com.slabs.qa.tests.HomeTest" tests="3" failures="0" timestamp="2022-05-25T22:16:05 EDT" time="16.019" errors="0">
  <testcase name="homeTitleTest" time="2.653" classname="com.slabs.qa.tests.HomeTest"/>
  <system-out/>
  <testcase name="cartIconTesting" time="7.729" classname="com.slabs.qa.tests.HomeTest"/>
  <system-out/>
  <testcase name="addToCartTest" time="5.637" classname="com.slabs.qa.tests.HomeTest"/>
  <system-out/>
</testsuite> <!-- com.slabs.qa.tests.HomeTest -->
