<?xml version="1.0" encoding="UTF-8"?>
<!-- Generated by org.testng.reporters.JUnitReportReporter -->
<testsuite skipped="0" hostname="LAPTOP-RI237U6O" name="com.slabs.qa.tests.LoginTest" tests="3" failures="0" timestamp="2022-05-25T22:16:05 EDT" time="8.729" errors="0">
  <testcase name="loginImgTesting" time="4.121" classname="com.slabs.qa.tests.LoginTest"/>
  <system-out/>
  <testcase name="loginLogoTesting" time="2.206" classname="com.slabs.qa.tests.LoginTest"/>
  <system-out/>
  <testcase name="loginTesting" time="2.402" classname="com.slabs.qa.tests.LoginTest"/>
  <system-out/>
</testsuite> <!-- com.slabs.qa.tests.LoginTest -->
