<?xml version="1.0" encoding="UTF-8"?>
<!-- Generated by org.testng.reporters.JUnitReportReporter -->
<testsuite skipped="0" hostname="LAPTOP-RI237U6O" name="com.slabs.qa.tests.LoginTest" tests="3" failures="0" timestamp="2022-05-25T22:17:36 EDT" time="8.086" errors="0">
  <testcase name="loginLogoTesting" time="3.471" classname="com.slabs.qa.tests.LoginTest"/>
  <system-out/>
  <testcase name="loginTesting" time="2.379" classname="com.slabs.qa.tests.LoginTest"/>
  <system-out/>
  <testcase name="loginImgTesting" time="2.236" classname="com.slabs.qa.tests.LoginTest"/>
  <system-out/>
</testsuite> <!-- com.slabs.qa.tests.LoginTest -->
