<?xml version="1.0" encoding="UTF-8"?>
<!-- Generated by org.testng.reporters.JUnitReportReporter -->
<testsuite skipped="0" hostname="LAPTOP-RI237U6O" name="com.slabs.qa.tests.HomeTest" tests="3" failures="0" timestamp="2022-05-25T22:17:36 EDT" time="15.543" errors="0">
  <testcase name="homeTitleTest" time="2.695" classname="com.slabs.qa.tests.HomeTest"/>
  <system-out/>
  <testcase name="cartIconTesting" time="7.420" classname="com.slabs.qa.tests.HomeTest"/>
  <system-out/>
  <testcase name="addToCartTest" time="5.428" classname="com.slabs.qa.tests.HomeTest"/>
  <system-out/>
</testsuite> <!-- com.slabs.qa.tests.HomeTest -->
